# JRE version: Java(TM) SE Runtime Environment (8.0_73-b02) (build 1.8.0_73-b02)
# Java VM: Java HotSpot(TM) 64-Bit Server VM (25.73-b02 mixed mode windows-amd64 compressed oops)
Heap:
 PSYoungGen      total 442880K, used 304308K [0x000000076b900000, 0x0000000788d00000, 0x00000007c0000000)
  eden space 412672K, 66% used [0x000000076b900000,0x000000077c4b0e70,0x0000000784c00000)
  from space 30208K, 99% used [0x0000000785200000,0x0000000786f7c2d8,0x0000000786f80000)
  to   space 26624K, 0% used [0x0000000787300000,0x0000000787300000,0x0000000788d00000)
 ParOldGen       total 126976K, used 67875K [0x00000006c2a00000, 0x00000006ca600000, 0x000000076b900000)
  object space 126976K, 53% used [0x00000006c2a00000,0x00000006c6c48f78,0x00000006ca600000)
 Metaspace       used 31876K, capacity 32902K, committed 32944K, reserved 1079296K
  class space    used 3530K, capacity 3758K, committed 3760K, reserved 1048576K
GC Heap History (10 events):
Event: 6.423 GC heap before
{Heap before GC invocations=6 (full 0):
 PSYoungGen      total 140800K, used 18452K [0x000000076b900000, 0x000000077e500000, 0x00000007c0000000)
  eden space 130048K, 5% used [0x000000076b900000,0x000000076c0872b8,0x0000000773800000)
  from space 10752K, 99% used [0x0000000773800000,0x000000077427e030,0x0000000774280000)
  to   space 23552K, 0% used [0x000000077ce00000,0x000000077ce00000,0x000000077e500000)
 ParOldGen       total 173568K, used 24106K [0x00000006c2a00000, 0x00000006cd380000, 0x000000076b900000)
  object space 173568K, 13% used [0x00000006c2a00000,0x00000006c418ab40,0x00000006cd380000)
 Metaspace       used 20564K, capacity 21220K, committed 21296K, reserved 1069056K
  class space    used 2378K, capacity 2584K, committed 2608K, reserved 1048576K
Event: 6.440 GC heap after
Heap after GC invocations=6 (full 0):
 PSYoungGen      total 283648K, used 10941K [0x000000076b900000, 0x000000077e500000, 0x00000007c0000000)
  eden space 260096K, 0% used [0x000000076b900000,0x000000076b900000,0x000000077b700000)
  from space 23552K, 46% used [0x000000077ce00000,0x000000077d8af6a0,0x000000077e500000)
  to   space 23552K, 0% used [0x000000077b700000,0x000000077b700000,0x000000077ce00000)
 ParOldGen       total 173568K, used 24106K [0x00000006c2a00000, 0x00000006cd380000, 0x000000076b900000)
  object space 173568K, 13% used [0x00000006c2a00000,0x00000006c418ab40,0x00000006cd380000)
 Metaspace       used 20564K, capacity 21220K, committed 21296K, reserved 1069056K
  class space    used 2378K, capacity 2584K, committed 2608K, reserved 1048576K
}
Event: 6.440 GC heap before
{Heap before GC invocations=7 (full 1):
 PSYoungGen      total 283648K, used 10941K [0x000000076b900000, 0x000000077e500000, 0x00000007c0000000)
  eden space 260096K, 0% used [0x000000076b900000,0x000000076b900000,0x000000077b700000)
  from space 23552K, 46% used [0x000000077ce00000,0x000000077d8af6a0,0x000000077e500000)
  to   space 23552K, 0% used [0x000000077b700000,0x000000077b700000,0x000000077ce00000)
 ParOldGen       total 173568K, used 24106K [0x00000006c2a00000, 0x00000006cd380000, 0x000000076b900000)
  object space 173568K, 13% used [0x00000006c2a00000,0x00000006c418ab40,0x00000006cd380000)
 Metaspace       used 20564K, capacity 21220K, committed 21296K, reserved 1069056K
  class space    used 2378K, capacity 2584K, committed 2608K, reserved 1048576K
Event: 6.568 GC heap after
Heap after GC invocations=7 (full 1):
 PSYoungGen      total 283648K, used 0K [0x000000076b900000, 0x000000077e500000, 0x00000007c0000000)
  eden space 260096K, 0% used [0x000000076b900000,0x000000076b900000,0x000000077b700000)
  from space 23552K, 0% used [0x000000077ce00000,0x000000077ce00000,0x000000077e500000)
  to   space 23552K, 0% used [0x000000077b700000,0x000000077b700000,0x000000077ce00000)
 ParOldGen       total 126976K, used 29594K [0x00000006c2a00000, 0x00000006ca600000, 0x000000076b900000)
  object space 126976K, 23% used [0x00000006c2a00000,0x00000006c46e6bb0,0x00000006ca600000)
 Metaspace       used 20564K, capacity 21220K, committed 21296K, reserved 1069056K
  class space    used 2378K, capacity 2584K, committed 2608K, reserved 1048576K
}
Event: 8.380 GC heap before
{Heap before GC invocations=8 (full 1):
 PSYoungGen      total 283648K, used 260096K [0x000000076b900000, 0x000000077e500000, 0x00000007c0000000)
  eden space 260096K, 100% used [0x000000076b900000,0x000000077b700000,0x000000077b700000)
  from space 23552K, 0% used [0x000000077ce00000,0x000000077ce00000,0x000000077e500000)
  to   space 23552K, 0% used [0x000000077b700000,0x000000077b700000,0x000000077ce00000)
 ParOldGen       total 126976K, used 29594K [0x00000006c2a00000, 0x00000006ca600000, 0x000000076b900000)
  object space 126976K, 23% used [0x00000006c2a00000,0x00000006c46e6bb0,0x00000006ca600000)
 Metaspace       used 26242K, capacity 27126K, committed 27440K, reserved 1073152K
  class space    used 3029K, capacity 3265K, committed 3376K, reserved 1048576K
Event: 8.403 GC heap after
Heap after GC invocations=8 (full 1):
 PSYoungGen      total 283648K, used 23184K [0x000000076b900000, 0x0000000788d00000, 0x00000007c0000000)
  eden space 260096K, 0% used [0x000000076b900000,0x000000076b900000,0x000000077b700000)
  from space 23552K, 98% used [0x000000077b700000,0x000000077cda4348,0x000000077ce00000)
  to   space 26624K, 0% used [0x0000000787300000,0x0000000787300000,0x0000000788d00000)
 ParOldGen       total 126976K, used 29602K [0x00000006c2a00000, 0x00000006ca600000, 0x000000076b900000)
  object space 126976K, 23% used [0x00000006c2a00000,0x00000006c46e8bb0,0x00000006ca600000)
 Metaspace       used 26242K, capacity 27126K, committed 27440K, reserved 1073152K
  class space    used 3029K, capacity 3265K, committed 3376K, reserved 1048576K
}
Event: 10.749 GC heap before
{Heap before GC invocations=9 (full 1):
 PSYoungGen      total 283648K, used 283163K [0x000000076b900000, 0x0000000788d00000, 0x00000007c0000000)
  eden space 260096K, 99% used [0x000000076b900000,0x000000077b6e28e0,0x000000077b700000)
  from space 23552K, 98% used [0x000000077b700000,0x000000077cda4348,0x000000077ce00000)
  to   space 26624K, 0% used [0x0000000787300000,0x0000000787300000,0x0000000788d00000)
 ParOldGen       total 126976K, used 29602K [0x00000006c2a00000, 0x00000006ca600000, 0x000000076b900000)
  object space 126976K, 23% used [0x00000006c2a00000,0x00000006c46e8bb0,0x00000006ca600000)
 Metaspace       used 28147K, capacity 29028K, committed 29232K, reserved 1075200K
  class space    used 3154K, capacity 3365K, committed 3376K, reserved 1048576K
Event: 10.766 GC heap after
Heap after GC invocations=9 (full 1):
 PSYoungGen      total 439296K, used 26614K [0x000000076b900000, 0x0000000788d00000, 0x00000007c0000000)
  eden space 412672K, 0% used [0x000000076b900000,0x000000076b900000,0x0000000784c00000)
  from space 26624K, 99% used [0x0000000787300000,0x0000000788cfd8c0,0x0000000788d00000)
  to   space 30208K, 0% used [0x0000000785200000,0x0000000785200000,0x0000000786f80000)
 ParOldGen       total 126976K, used 30739K [0x00000006c2a00000, 0x00000006ca600000, 0x000000076b900000)
  object space 126976K, 24% used [0x00000006c2a00000,0x00000006c4804e58,0x00000006ca600000)
 Metaspace       used 28147K, capacity 29028K, committed 29232K, reserved 1075200K
  class space    used 3154K, capacity 3365K, committed 3376K, reserved 1048576K
}
Event: 14.536 GC heap before
{Heap before GC invocations=10 (full 1):
 PSYoungGen      total 439296K, used 439286K [0x000000076b900000, 0x0000000788d00000, 0x00000007c0000000)
  eden space 412672K, 100% used [0x000000076b900000,0x0000000784c00000,0x0000000784c00000)
  from space 26624K, 99% used [0x0000000787300000,0x0000000788cfd8c0,0x0000000788d00000)
  to   space 30208K, 0% used [0x0000000785200000,0x0000000785200000,0x0000000786f80000)
 ParOldGen       total 126976K, used 30739K [0x00000006c2a00000, 0x00000006ca600000, 0x000000076b900000)
  object space 126976K, 24% used [0x00000006c2a00000,0x00000006c4804e58,0x00000006ca600000)
 Metaspace       used 30132K, capacity 31036K, committed 31280K, reserved 1077248K
  class space    used 3336K, capacity 3542K, committed 3632K, reserved 1048576K
Event: 14.614 GC heap after
Heap after GC invocations=10 (full 1):
 PSYoungGen      total 442880K, used 30192K [0x000000076b900000, 0x0000000788d00000, 0x00000007c0000000)
  eden space 412672K, 0% used [0x000000076b900000,0x000000076b900000,0x0000000784c00000)
  from space 30208K, 99% used [0x0000000785200000,0x0000000786f7c2d8,0x0000000786f80000)
  to   space 26624K, 0% used [0x0000000787300000,0x0000000787300000,0x0000000788d00000)
 ParOldGen       total 126976K, used 67875K [0x00000006c2a00000, 0x00000006ca600000, 0x000000076b900000)
  object space 126976K, 53% used [0x00000006c2a00000,0x00000006c6c48f78,0x00000006ca600000)
 Metaspace       used 30132K, capacity 31036K, committed 31280K, reserved 1077248K
  class space    used 3336K, capacity 3542K, committed 3632K, reserved 1048576K
}

