# JRE version: Java(TM) SE Runtime Environment (8.0_73-b02) (build 1.8.0_73-b02)
# Java VM: Java HotSpot(TM) 64-Bit Server VM (25.73-b02 mixed mode windows-amd64 compressed oops)
Heap:
 PSYoungGen      total 268800K, used 63663K [0x000000076b900000, 0x000000077fd80000, 0x00000007c0000000)
  eden space 249856K, 17% used [0x000000076b900000,0x000000076e4ae5b8,0x000000077ad00000)
  from space 18944K, 99% used [0x000000077ad00000,0x000000077bf7da38,0x000000077bf80000)
  to   space 31232K, 0% used [0x000000077df00000,0x000000077df00000,0x000000077fd80000)
 ParOldGen       total 130048K, used 43553K [0x00000006c2a00000, 0x00000006ca900000, 0x000000076b900000)
  object space 130048K, 33% used [0x00000006c2a00000,0x00000006c54887a0,0x00000006ca900000)
 Metaspace       used 28806K, capacity 29490K, committed 29696K, reserved 1075200K
  class space    used 3326K, capacity 3523K, committed 3584K, reserved 1048576K
GC Heap History (10 events):
Event: 4.000 GC heap before
{Heap before GC invocations=4 (full 0):
 PSYoungGen      total 75776K, used 75768K [0x000000076b900000, 0x0000000774d00000, 0x00000007c0000000)
  eden space 65024K, 100% used [0x000000076b900000,0x000000076f880000,0x000000076f880000)
  from space 10752K, 99% used [0x000000076f880000,0x00000007702fe030,0x0000000770300000)
  to   space 10752K, 0% used [0x0000000774280000,0x0000000774280000,0x0000000774d00000)
 ParOldGen       total 173568K, used 8056K [0x00000006c2a00000, 0x00000006cd380000, 0x000000076b900000)
  object space 173568K, 4% used [0x00000006c2a00000,0x00000006c31de2d8,0x00000006cd380000)
 Metaspace       used 19416K, capacity 19860K, committed 20096K, reserved 1067008K
  class space    used 2246K, capacity 2387K, committed 2432K, reserved 1048576K
Event: 4.012 GC heap after
Heap after GC invocations=4 (full 0):
 PSYoungGen      total 140800K, used 10728K [0x000000076b900000, 0x0000000774d00000, 0x00000007c0000000)
  eden space 130048K, 0% used [0x000000076b900000,0x000000076b900000,0x0000000773800000)
  from space 10752K, 99% used [0x0000000774280000,0x0000000774cfa040,0x0000000774d00000)
  to   space 10752K, 0% used [0x0000000773800000,0x0000000773800000,0x0000000774280000)
 ParOldGen       total 173568K, used 12831K [0x00000006c2a00000, 0x00000006cd380000, 0x000000076b900000)
  object space 173568K, 7% used [0x00000006c2a00000,0x00000006c3687d20,0x00000006cd380000)
 Metaspace       used 19416K, capacity 19860K, committed 20096K, reserved 1067008K
  class space    used 2246K, capacity 2387K, committed 2432K, reserved 1048576K
}
Event: 7.084 GC heap before
{Heap before GC invocations=5 (full 0):
 PSYoungGen      total 140800K, used 26369K [0x000000076b900000, 0x0000000774d00000, 0x00000007c0000000)
  eden space 130048K, 12% used [0x000000076b900000,0x000000076c8466d0,0x0000000773800000)
  from space 10752K, 99% used [0x0000000774280000,0x0000000774cfa040,0x0000000774d00000)
  to   space 10752K, 0% used [0x0000000773800000,0x0000000773800000,0x0000000774280000)
 ParOldGen       total 173568K, used 12831K [0x00000006c2a00000, 0x00000006cd380000, 0x000000076b900000)
  object space 173568K, 7% used [0x00000006c2a00000,0x00000006c3687d20,0x00000006cd380000)
 Metaspace       used 20576K, capacity 21012K, committed 21296K, reserved 1069056K
  class space    used 2416K, capacity 2579K, committed 2688K, reserved 1048576K
Event: 7.097 GC heap after
Heap after GC invocations=5 (full 0):
 PSYoungGen      total 140800K, used 10744K [0x000000076b900000, 0x000000077db00000, 0x00000007c0000000)
  eden space 130048K, 0% used [0x000000076b900000,0x000000076b900000,0x0000000773800000)
  from space 10752K, 99% used [0x0000000773800000,0x000000077427e020,0x0000000774280000)
  to   space 18432K, 0% used [0x000000077c900000,0x000000077c900000,0x000000077db00000)
 ParOldGen       total 173568K, used 14994K [0x00000006c2a00000, 0x00000006cd380000, 0x000000076b900000)
  object space 173568K, 8% used [0x00000006c2a00000,0x00000006c38a4878,0x00000006cd380000)
 Metaspace       used 20576K, capacity 21012K, committed 21296K, reserved 1069056K
  class space    used 2416K, capacity 2579K, committed 2688K, reserved 1048576K
}
Event: 7.097 GC heap before
{Heap before GC invocations=6 (full 1):
 PSYoungGen      total 140800K, used 10744K [0x000000076b900000, 0x000000077db00000, 0x00000007c0000000)
  eden space 130048K, 0% used [0x000000076b900000,0x000000076b900000,0x0000000773800000)
  from space 10752K, 99% used [0x0000000773800000,0x000000077427e020,0x0000000774280000)
  to   space 18432K, 0% used [0x000000077c900000,0x000000077c900000,0x000000077db00000)
 ParOldGen       total 173568K, used 14994K [0x00000006c2a00000, 0x00000006cd380000, 0x000000076b900000)
  object space 173568K, 8% used [0x00000006c2a00000,0x00000006c38a4878,0x00000006cd380000)
 Metaspace       used 20576K, capacity 21012K, committed 21296K, reserved 1069056K
  class space    used 2416K, capacity 2579K, committed 2688K, reserved 1048576K
Event: 7.190 GC heap after
Heap after GC invocations=6 (full 1):
 PSYoungGen      total 140800K, used 0K [0x000000076b900000, 0x000000077db00000, 0x00000007c0000000)
  eden space 130048K, 0% used [0x000000076b900000,0x000000076b900000,0x0000000773800000)
  from space 10752K, 0% used [0x0000000773800000,0x0000000773800000,0x0000000774280000)
  to   space 18432K, 0% used [0x000000077c900000,0x000000077c900000,0x000000077db00000)
 ParOldGen       total 130048K, used 23418K [0x00000006c2a00000, 0x00000006ca900000, 0x000000076b900000)
  object space 130048K, 18% used [0x00000006c2a00000,0x00000006c40de990,0x00000006ca900000)
 Metaspace       used 20576K, capacity 21012K, committed 21296K, reserved 1069056K
  class space    used 2416K, capacity 2579K, committed 2688K, reserved 1048576K
}
Event: 14.307 GC heap before
{Heap before GC invocations=7 (full 1):
 PSYoungGen      total 140800K, used 130048K [0x000000076b900000, 0x000000077db00000, 0x00000007c0000000)
  eden space 130048K, 100% used [0x000000076b900000,0x0000000773800000,0x0000000773800000)
  from space 10752K, 0% used [0x0000000773800000,0x0000000773800000,0x0000000774280000)
  to   space 18432K, 0% used [0x000000077c900000,0x000000077c900000,0x000000077db00000)
 ParOldGen       total 130048K, used 23418K [0x00000006c2a00000, 0x00000006ca900000, 0x000000076b900000)
  object space 130048K, 18% used [0x00000006c2a00000,0x00000006c40de990,0x00000006ca900000)
 Metaspace       used 22084K, capacity 22594K, committed 22960K, reserved 1069056K
  class space    used 2550K, capacity 2724K, committed 2816K, reserved 1048576K
Event: 14.317 GC heap after
Heap after GC invocations=7 (full 1):
 PSYoungGen      total 193024K, used 8779K [0x000000076b900000, 0x000000077d200000, 0x00000007c0000000)
  eden space 183808K, 0% used [0x000000076b900000,0x000000076b900000,0x0000000776c80000)
  from space 9216K, 95% used [0x000000077c900000,0x000000077d192d60,0x000000077d200000)
  to   space 18944K, 0% used [0x000000077ad00000,0x000000077ad00000,0x000000077bf80000)
 ParOldGen       total 130048K, used 23418K [0x00000006c2a00000, 0x00000006ca900000, 0x000000076b900000)
  object space 130048K, 18% used [0x00000006c2a00000,0x00000006c40de990,0x00000006ca900000)
 Metaspace       used 22084K, capacity 22594K, committed 22960K, reserved 1069056K
  class space    used 2550K, capacity 2724K, committed 2816K, reserved 1048576K
}
Event: 16.238 GC heap before
{Heap before GC invocations=8 (full 1):
 PSYoungGen      total 193024K, used 192587K [0x000000076b900000, 0x000000077d200000, 0x00000007c0000000)
  eden space 183808K, 100% used [0x000000076b900000,0x0000000776c80000,0x0000000776c80000)
  from space 9216K, 95% used [0x000000077c900000,0x000000077d192d60,0x000000077d200000)
  to   space 18944K, 0% used [0x000000077ad00000,0x000000077ad00000,0x000000077bf80000)
 ParOldGen       total 130048K, used 23418K [0x00000006c2a00000, 0x00000006ca900000, 0x000000076b900000)
  object space 130048K, 18% used [0x00000006c2a00000,0x00000006c40de990,0x00000006ca900000)
 Metaspace       used 28441K, capacity 29088K, committed 29440K, reserved 1075200K
  class space    used 3285K, capacity 3481K, committed 3584K, reserved 1048576K
Event: 16.273 GC heap after
Heap after GC invocations=8 (full 1):
 PSYoungGen      total 268800K, used 18934K [0x000000076b900000, 0x000000077fd80000, 0x00000007c0000000)
  eden space 249856K, 0% used [0x000000076b900000,0x000000076b900000,0x000000077ad00000)
  from space 18944K, 99% used [0x000000077ad00000,0x000000077bf7da38,0x000000077bf80000)
  to   space 31232K, 0% used [0x000000077df00000,0x000000077df00000,0x000000077fd80000)
 ParOldGen       total 130048K, used 43553K [0x00000006c2a00000, 0x00000006ca900000, 0x000000076b900000)
  object space 130048K, 33% used [0x00000006c2a00000,0x00000006c54887a0,0x00000006ca900000)
 Metaspace       used 28441K, capacity 29088K, committed 29440K, reserved 1075200K
  class space    used 3285K, capacity 3481K, committed 3584K, reserved 1048576K
}

